<?xml version="1.0" encoding="UTF-8"?>
<!-- Generated by org.testng.reporters.JUnitReportReporter -->
<testsuite skipped="0" hostname="ruchi-Inspiron-5570" name="forms.LoginParameterization" tests="3" failures="0" timestamp="15 Jan 2021 20:46:50 GMT" time="77.251" errors="0">
  <testcase name="doLogin" time="29.945" classname="forms.LoginParameterization"/>
  <testcase name="doLogin" time="28.196" classname="forms.LoginParameterization"/>
  <testcase name="doLogin" time="19.110" classname="forms.LoginParameterization"/>
</testsuite> <!-- forms.LoginParameterization -->
