<?xml version="1.0" encoding="UTF-8"?>
<!-- Generated by org.testng.reporters.JUnitReportReporter -->
<testsuite skipped="0" hostname="ruchi-Inspiron-5570" name="forms.LoginParameterization" tests="5" failures="0" timestamp="08 Feb 2021 04:28:58 GMT" time="53.175" errors="0">
  <testcase name="BrowserName" time="12.892" classname="forms.LoginParameterization"/>
  <testcase name="BrowserName" time="3.973" classname="forms.LoginParameterization"/>
  <testcase name="doLogin" time="10.154" classname="forms.LoginParameterization"/>
  <testcase name="doLogin" time="12.432" classname="forms.LoginParameterization"/>
  <testcase name="doLogin" time="13.724" classname="forms.LoginParameterization"/>
</testsuite> <!-- forms.LoginParameterization -->
