<?xml version="1.0" encoding="UTF-8"?>
<!-- Generated by org.testng.reporters.JUnitReportReporter -->
<testsuite skipped="0" hostname="ruchi-Inspiron-5570" name="forms.LoginParameterization" tests="3" failures="0" timestamp="15 Jan 2021 03:23:57 GMT" time="60.289" errors="0">
  <testcase name="doLogin" time="19.441" classname="forms.LoginParameterization"/>
  <testcase name="doLogin" time="13.795" classname="forms.LoginParameterization"/>
  <testcase name="doLogin" time="27.053" classname="forms.LoginParameterization"/>
</testsuite> <!-- forms.LoginParameterization -->
