<?xml version="1.0" encoding="UTF-8"?>
<!-- Generated by org.testng.reporters.JUnitReportReporter -->
<testsuite skipped="0" hostname="ruchi-Inspiron-5570" name="testCases.RegisterTestCase" tests="2" failures="0" timestamp="30 Dec 2020 04:20:24 GMT" time="89.898" errors="0">
  <testcase name="Register" time="70.454" classname="testCases.RegisterTestCase"/>
  <testcase name="Login" time="19.444" classname="testCases.RegisterTestCase"/>
</testsuite> <!-- testCases.RegisterTestCase -->
